GROUP,PACKAGE,CLASS,INSTRUCTION_MISSED,INSTRUCTION_COVERED,BRANCH_MISSED,BRANCH_COVERED,LINE_MISSED,LINE_COVERED,COMPLEXITY_MISSED,COMPLEXITY_COVERED,METHOD_MISSED,METHOD_COVERED
Furguito,es.iespuertolacruz.furguito.api,Equipo,0,118,0,0,0,35,0,17,0,17
Furguito,es.iespuertolacruz.furguito.api,Estadio,0,71,0,0,0,22,0,11,0,11
Furguito,es.iespuertolacruz.furguito.api,Palmares,0,118,0,0,0,36,0,17,0,17
Furguito,es.iespuertolacruz.furguito.api,Plantilla,0,118,0,0,0,35,0,17,0,17
Furguito,es.iespuertolacruz.furguito,FurguitoApp,319,3,38,0,134,1,35,1,3,1
Furguito,es.iespuertolacruz.furguito.exception,EquipoException,9,0,0,0,4,0,2,0,2,0
Furguito,es.iespuertolacruz.furguito.exception,EstadioException,9,0,0,0,4,0,2,0,2,0
Furguito,es.iespuertolacruz.furguito.exception,PlantillaException,9,0,0,0,4,0,2,0,2,0
Furguito,es.iespuertolacruz.furguito.exception,PalmaresException,9,0,0,0,4,0,2,0,2,0
