-------------------------------------------------------------------------------
Test set: es.iespuertolacruz.furguito.EquipoModeloTest
-------------------------------------------------------------------------------
Tests run: 1, Failures: 1, Errors: 0, Skipped: 0, Time elapsed: 0.3 s <<< FAILURE! - in es.iespuertolacruz.furguito.EquipoModeloTest
initTest  Time elapsed: 0.262 s  <<< FAILURE!
org.opentest4j.AssertionFailedError: putamadre: Se ha producido un error en la inicializacion de la BBDD
	at es.iespuertolacruz.furguito.EquipoModeloTest.initTest(EquipoModeloTest.java:75)

