-------------------------------------------------------------------------------
Test set: es.iespuertolacruz.furguito.EquipoModeloTest
-------------------------------------------------------------------------------
Tests run: 1, Failures: 0, Errors: 1, Skipped: 0, Time elapsed: 0.001 s <<< FAILURE! - in es.iespuertolacruz.furguito.EquipoModeloTest
es.iespuertolacruz.furguito.EquipoModeloTest  Time elapsed: 0 s  <<< ERROR!
org.junit.platform.commons.JUnitException: @BeforeAll method 'public void es.iespuertolacruz.furguito.EquipoModeloTest.beforeAll()' must be static unless the test class is annotated with @TestInstance(Lifecycle.PER_CLASS).

