-------------------------------------------------------------------------------
Test set: es.iespuertolacruz.furguito.EquipoModeloTest
-------------------------------------------------------------------------------
Tests run: 1, Failures: 1, Errors: 0, Skipped: 0, Time elapsed: 0.654 s <<< FAILURE! - in es.iespuertolacruz.furguito.EquipoModeloTest
es.iespuertolacruz.furguito.EquipoModeloTest  Time elapsed: 0.654 s  <<< FAILURE!
org.opentest4j.AssertionFailedError: Se ha producido un error en la inicializacion de la BBDD
	at es.iespuertolacruz.furguito.EquipoModeloTest.beforeAll(EquipoModeloTest.java:26)

