-------------------------------------------------------------------------------
Test set: es.iespuertolacruz.furguito.EstadioModeloTest
-------------------------------------------------------------------------------
Tests run: 2, Failures: 1, Errors: 0, Skipped: 0, Time elapsed: 0.85 s <<< FAILURE! - in es.iespuertolacruz.furguito.EstadioModeloTest
buscarEquipoTest  Time elapsed: 0.028 s  <<< FAILURE!
org.opentest4j.AssertionFailedError: No se debe de obtener un elemento nulo ==> expected: not <null>
	at es.iespuertolacruz.furguito.EstadioModeloTest.buscarEquipoTest(EstadioModeloTest.java:35)

