<?xml version="1.0" encoding="UTF-8"?>
<testsuite xmlns:xsi="http://www.w3.org/2001/XMLSchema-instance" xsi:noNamespaceSchemaLocation="https://maven.apache.org/surefire/maven-surefire-plugin/xsd/surefire-test-report.xsd" name="es.iespuertolacruz.furguito.FurguitoAppTest" time="0.195" tests="10" errors="0" skipped="0" failures="0">
  <properties>
[...]
</properties>
  <testcase name="opcion11MenuInvitadoTest" classname="es.iespuertolacruz.furguito.FurguitoAppTest" time="0.09"/>
  <testcase name="opcionDefaultMenuInvitadoTest" classname="es.iespuertolacruz.furguito.FurguitoAppTest" time="0.001"/>
  <testcase name="salirMenuPrincipalTest" classname="es.iespuertolacruz.furguito.FurguitoAppTest" time="0.011"/>
  <testcase name="opcionDefaultMenuPrincipalTest" classname="es.iespuertolacruz.furguito.FurguitoAppTest" time="0.002"/>
  <testcase name="opcion12MenuInvitadoTest" classname="es.iespuertolacruz.furguito.FurguitoAppTest" time="0.008"/>
  <testcase name="opcion8MenuInvitadoTest" classname="es.iespuertolacruz.furguito.FurguitoAppTest" time="0.003"/>
  <testcase name="opcionDefaultMenuAdminTest" classname="es.iespuertolacruz.furguito.FurguitoAppTest" time="0.004"/>
  <testcase name="opcion9MenuInvitadoTest" classname="es.iespuertolacruz.furguito.FurguitoAppTest" time="0.015"/>
  <testcase name="salirMenuAdminTest" classname="es.iespuertolacruz.furguito.FurguitoAppTest" time="0.002"/>
  <testcase name="salirMenuInvitadoTest" classname="es.iespuertolacruz.furguito.FurguitoAppTest" time="0.007"/>
</testsuite>