<?xml version="1.0" encoding="UTF-8"?>
<testsuite xmlns:xsi="http://www.w3.org/2001/XMLSchema-instance" xsi:noNamespaceSchemaLocation="https://maven.apache.org/surefire/maven-surefire-plugin/xsd/surefire-test-report.xsd" name="es.iespuertolacruz.furguito.modelo.EquipoModeloTest" time="0.065" tests="8" errors="0" skipped="0" failures="0">
  <properties>
[...]
</properties>
  <testcase name="buscarEquipoTest" classname="es.iespuertolacruz.furguito.modelo.EquipoModeloTest" time="0.002"/>
  <testcase name="obtenerEquipoErrorTest" classname="es.iespuertolacruz.furguito.modelo.EquipoModeloTest" time="0.001"/>
  <testcase name="eliminarEquipoTest" classname="es.iespuertolacruz.furguito.modelo.EquipoModeloTest" time="0.002"/>
  <testcase name="modificarEquipoTest" classname="es.iespuertolacruz.furguito.modelo.EquipoModeloTest" time="0.003"/>
  <testcase name="consultarCiudadTest" classname="es.iespuertolacruz.furguito.modelo.EquipoModeloTest" time="0.013"/>
  <testcase name="consultarInformacionTest" classname="es.iespuertolacruz.furguito.modelo.EquipoModeloTest" time="0.002"/>
  <testcase name="insertarEquipoTest" classname="es.iespuertolacruz.furguito.modelo.EquipoModeloTest" time="0.006"/>
  <testcase name="consultarPresupuestoTest" classname="es.iespuertolacruz.furguito.modelo.EquipoModeloTest" time="0.006"/>
</testsuite>